<?xml version="1.0" encoding="UTF-8"?>
<!-- Generated by org.testng.reporters.JUnitReportReporter -->
<testsuite hostname="Suvasri" failures="0" tests="2" name="Pac1.ContactTest" time="0.020" errors="0" timestamp="2024-08-14T16:50:19 IST" skipped="0">
  <testcase classname="Pac1.ContactTest" name="modifyContactTest" time="0.001"/>
  <testcase classname="Pac1.ContactTest" name="CreateContactTest" time="0.019"/>
</testsuite> <!-- Pac1.ContactTest -->
